2025-04-14 21:50:10,235 - app - INFO - CS432 API Startup
2025-04-14 21:50:10,647 - app - INFO - CS432 API Startup
2025-04-14 21:51:00,513 - app - INFO - Request received at LOCAL /login endpoint
2025-04-14 21:51:00,708 - app - INFO - Password matched (Plain Text) for MemberID 1414.
2025-04-14 21:51:00,710 - app - INFO - Credentials valid for MemberID 1414. Role: admin. Generating local JWT.
2025-04-14 21:51:00,713 - app - INFO - Local JWT generated for MemberID 1414.
2025-04-14 21:53:51,486 - app - INFO - Token validated via decorator for user ID: 1414, Role: admin
2025-04-14 21:53:51,487 - app - INFO - Request: /insert/students by user 1414 with method POST
2025-04-14 21:53:51,488 - app - INFO - Admin user 1414 authorized. Inserting values into table students.
2025-04-14 21:53:51,812 - app - ERROR - Database/table validation failed: Table 'students' not found in either database.
2025-04-14 21:54:02,333 - app - INFO - Token validated via decorator for user ID: 1414, Role: admin
2025-04-14 21:54:02,334 - app - INFO - Request: /insert/Students by user 1414 with method POST
2025-04-14 21:54:02,335 - app - INFO - Admin user 1414 authorized. Inserting values into table Students.
2025-04-14 21:56:06,022 - app - INFO - Token validated via decorator for user ID: 1414, Role: admin
2025-04-14 21:56:06,023 - app - INFO - Request: /insert/members by user 1414 with method POST
2025-04-14 21:56:06,025 - app - INFO - Admin user 1414 authorized. Inserting values into table members.
2025-04-14 21:56:06,355 - app - ERROR - Insertion error: 1054 (42S22): Unknown column 'name' in 'field list'
2025-04-14 21:57:09,553 - app - INFO - Token validated via decorator for user ID: 1414, Role: admin
2025-04-14 21:57:09,554 - app - INFO - Request: /insert/members by user 1414 with method POST
2025-04-14 21:57:09,555 - app - INFO - Admin user 1414 authorized. Inserting values into table members.
2025-04-14 21:57:35,119 - app - INFO - Request received at LOCAL /login endpoint
2025-04-14 21:57:35,120 - app - WARNING - Local Login attempt missing 'user' or 'password'.
2025-04-14 21:58:08,142 - app - INFO - Request received at LOCAL /login endpoint
2025-04-14 21:58:08,290 - app - WARNING - Password mismatch (MD5) for MemberID 2124.
2025-04-14 21:58:15,319 - app - INFO - Request received at LOCAL /login endpoint
2025-04-14 21:58:15,471 - app - INFO - Password matched (MD5) for MemberID 2124.
2025-04-14 21:58:15,472 - app - INFO - Credentials valid for MemberID 2124. Role: user. Generating local JWT.
2025-04-14 21:58:15,474 - app - INFO - Local JWT generated for MemberID 2124.
2025-04-14 22:00:12,993 - app - INFO - Token validated via decorator for user ID: 2124, Role: user
2025-04-14 22:00:12,994 - app - INFO - Request: /insert/members by user 2124 with method POST
2025-04-14 22:00:12,995 - app - INFO - Admin user 2124 authorized. Inserting values into table members.
2025-04-14 22:04:45,222 - app - INFO - Token validated via decorator for user ID: 2124, Role: user
2025-04-14 22:04:45,224 - app - INFO - Request: /insert/members by user 2124 with method POST
2025-04-14 22:04:45,225 - app - INFO - Admin user 2124 authorized. Inserting values into table members.
2025-04-14 22:09:22,345 - app - INFO - CS432 API Startup
2025-04-14 22:09:23,827 - app - INFO - CS432 API Startup
2025-04-14 22:11:24,193 - app - INFO - CS432 API Startup
2025-04-14 22:11:26,824 - app - INFO - CS432 API Startup
2025-04-14 22:12:55,434 - app - INFO - Token validated via decorator for user ID: 2124, Role: user
2025-04-14 22:12:55,434 - app - INFO - Request: /insert/Students by user 2124, role: user with method POST
2025-04-14 22:12:55,436 - app - WARNING - Unauthorized attempt to insert into admin table: Students
2025-04-14 22:15:10,969 - app - INFO - Token validated via decorator for user ID: 2124, Role: user
2025-04-14 22:15:10,970 - app - INFO - Request: /insert/members by user 2124, role: user with method POST
2025-04-14 22:15:10,971 - app - WARNING - Unauthorized attempt to insert into admin table: members
